<?xml version="1.0" encoding="UTF-8"?>
<!-- Generated by org.testng.reporters.JUnitReportReporter -->
<testsuite skipped="0" hostname="Me-Pc" name="com.maven.testng.AppTest" tests="6" failures="0" timestamp="07 Dec 2018 10:01:20 GMT" time="0.015" errors="0">
  <testcase name="verifyUser" time="0.001" classname="com.maven.testng.AppTest"/>
  <testcase name="verifyUser" time="0.002" classname="com.maven.testng.AppTest"/>
  <testcase name="verifyUser" time="0.002" classname="com.maven.testng.AppTest"/>
  <testcase name="verifyUser" time="0.002" classname="com.maven.testng.AppTest"/>
  <testcase name="verifyUser" time="0.007" classname="com.maven.testng.AppTest"/>
  <testcase name="verifyUser" time="0.001" classname="com.maven.testng.AppTest"/>
</testsuite> <!-- com.maven.testng.AppTest -->
