<?xml version="1.0" encoding="UTF-8"?>
<!-- Generated by org.testng.reporters.JUnitReportReporter -->
<testsuite skipped="0" hostname="Me-Pc" name="com.maven.testng3.CCTest3" tests="8" failures="0" timestamp="07 Dec 2018 10:01:20 GMT" time="0.015" errors="0">
  <testcase name="cTest3" time="0.002" classname="com.maven.testng3.CCTest3"/>
  <testcase name="cTest3" time="0.003" classname="com.maven.testng3.CCTest3"/>
  <testcase name="cTest1" time="0.001" classname="com.maven.testng3.CCTest3"/>
  <testcase name="cTest1" time="0.001" classname="com.maven.testng3.CCTest3"/>
  <testcase name="cTest2" time="0.002" classname="com.maven.testng3.CCTest3"/>
  <testcase name="cTest4" time="0.003" classname="com.maven.testng3.CCTest3"/>
  <testcase name="cTest4" time="0.002" classname="com.maven.testng3.CCTest3"/>
  <testcase name="cTest2" time="0.001" classname="com.maven.testng3.CCTest3"/>
</testsuite> <!-- com.maven.testng3.CCTest3 -->
