<?xml version="1.0" encoding="UTF-8"?>
<!-- Generated by org.testng.reporters.JUnitReportReporter -->
<testsuite skipped="2" hostname="Me-Pc" name="com.maven.testng1.ATest1" tests="4" failures="0" timestamp="07 Dec 2018 10:01:20 GMT" time="0.005" errors="0">
  <testcase name="aTest2" time="0.000" classname="com.maven.testng1.ATest1">
    <skipped/>
  </testcase> <!-- aTest2 -->
  <testcase name="aTest3" time="0.000" classname="com.maven.testng1.ATest1">
    <skipped/>
  </testcase> <!-- aTest3 -->
  <testcase name="aTest1" time="0.003" classname="com.maven.testng1.ATest1"/>
  <testcase name="aTest4" time="0.002" classname="com.maven.testng1.ATest1"/>
</testsuite> <!-- com.maven.testng1.ATest1 -->
