<?xml version="1.0" encoding="UTF-8"?>
<!-- Generated by org.testng.reporters.JUnitReportReporter -->
<testsuite skipped="0" hostname="Me-Pc" name="com.maven.testng2.BBTest2" tests="4" failures="0" timestamp="07 Dec 2018 10:01:20 GMT" time="0.013" errors="0">
  <testcase name="bbTest24" time="0.008" classname="com.maven.testng2.BBTest2"/>
  <testcase name="bbTest23" time="0.002" classname="com.maven.testng2.BBTest2"/>
  <testcase name="bbTest21" time="0.002" classname="com.maven.testng2.BBTest2"/>
  <testcase name="bbTest22" time="0.001" classname="com.maven.testng2.BBTest2"/>
</testsuite> <!-- com.maven.testng2.BBTest2 -->
