<?xml version="1.0" encoding="UTF-8"?>
<!-- Generated by org.testng.reporters.JUnitReportReporter -->
<testsuite skipped="0" hostname="Me-Pc" name="com.maven.testng2.AATest2" tests="4" failures="0" timestamp="07 Dec 2018 10:01:20 GMT" time="0.007" errors="0">
  <testcase name="aaTest1" time="0.001" classname="com.maven.testng2.AATest2"/>
  <testcase name="aaTest2" time="0.002" classname="com.maven.testng2.AATest2"/>
  <testcase name="aaTest3" time="0.001" classname="com.maven.testng2.AATest2"/>
  <testcase name="aaTest4" time="0.003" classname="com.maven.testng2.AATest2"/>
</testsuite> <!-- com.maven.testng2.AATest2 -->
